2025-12-18 13:16:36 [main] INFO  c.c.c.CloudbalanceBackendApplication - Starting CloudbalanceBackendApplication using Java 25.0.1 with PID 55125 (/home/deepak/Desktop/cloudbalance-backend/build/classes/java/main started by deepak in /home/deepak/Desktop/cloudbalance-backend)
2025-12-18 13:16:36 [main] INFO  c.c.c.CloudbalanceBackendApplication - No active profile set, falling back to 1 default profile: "default"
2025-12-18 13:16:36 [main] INFO  o.s.d.r.c.RepositoryConfigurationDelegate - Bootstrapping Spring Data JPA repositories in DEFAULT mode.
2025-12-18 13:16:37 [main] INFO  o.s.d.r.c.RepositoryConfigurationDelegate - Finished Spring Data repository scanning in 22 ms. Found 2 JPA repository interfaces.
2025-12-18 13:16:37 [main] INFO  o.s.boot.tomcat.TomcatWebServer - Tomcat initialized with port 8080 (http)
2025-12-18 13:16:37 [main] INFO  o.a.catalina.core.StandardService - Starting service [Tomcat]
2025-12-18 13:16:37 [main] INFO  o.a.catalina.core.StandardEngine - Starting Servlet engine: [Apache Tomcat/11.0.14]
2025-12-18 13:16:37 [main] INFO  o.s.b.w.c.s.WebApplicationContextInitializer - Root WebApplicationContext: initialization completed in 893 ms
2025-12-18 13:16:37 [main] INFO  o.h.jpa.internal.util.LogHelper - HHH000204: Processing PersistenceUnitInfo [name: default]
2025-12-18 13:16:37 [main] INFO  org.hibernate.Version - HHH000412: Hibernate ORM core version 7.1.8.Final
2025-12-18 13:16:37 [main] INFO  o.s.o.j.p.SpringPersistenceUnitInfo - No LoadTimeWeaver setup: ignoring JPA class transformer
2025-12-18 13:16:37 [main] INFO  com.zaxxer.hikari.HikariDataSource - HikariPool-1 - Starting...
2025-12-18 13:16:37 [main] INFO  com.zaxxer.hikari.pool.HikariPool - HikariPool-1 - Added connection org.postgresql.jdbc.PgConnection@3809f65d
2025-12-18 13:16:37 [main] INFO  com.zaxxer.hikari.HikariDataSource - HikariPool-1 - Start completed.
2025-12-18 13:16:38 [main] WARN  org.hibernate.orm.deprecation - HHH90000025: PostgreSQLDialect does not need to be specified explicitly using 'hibernate.dialect' (remove the property setting and it will be selected by default)
2025-12-18 13:16:38 [main] INFO  o.hibernate.orm.connections.pooling - HHH10001005: Database info:
	Database JDBC URL [jdbc:postgresql://localhost:5432/cloudbalance]
	Database driver: PostgreSQL JDBC Driver
	Database dialect: PostgreSQLDialect
	Database version: 16.11
	Default catalog/schema: cloudbalance/public
	Autocommit mode: undefined/unknown
	Isolation level: READ_COMMITTED [default READ_COMMITTED]
	JDBC fetch size: none
	Pool: DatasourceConnectionProviderImpl
	Minimum pool size: undefined/unknown
	Maximum pool size: undefined/unknown
2025-12-18 13:16:38 [main] INFO  o.h.e.t.j.p.i.JtaPlatformInitiator - HHH000489: No JTA platform available (set 'hibernate.transaction.jta.platform' to enable JTA platform integration)
2025-12-18 13:16:38 [main] DEBUG org.hibernate.SQL - 
    set client_min_messages = WARNING
2025-12-18 13:16:38 [main] DEBUG org.hibernate.SQL - 
    alter table if exists user_role 
       drop constraint if exists FKj345gk1bovqvfame88rcx7yyx
2025-12-18 13:16:38 [main] DEBUG org.hibernate.SQL - 
    drop table if exists roles cascade
2025-12-18 13:16:38 [main] DEBUG org.hibernate.SQL - 
    drop table if exists user_role cascade
2025-12-18 13:16:38 [main] DEBUG org.hibernate.SQL - 
    drop table if exists users cascade
2025-12-18 13:16:38 [main] DEBUG org.hibernate.SQL - 
    create table roles (
        id integer generated by default as identity,
        description varchar(255),
        name bytea not null unique,
        primary key (id)
    )
2025-12-18 13:16:38 [main] DEBUG org.hibernate.SQL - 
    create table user_role (
        user_id bigint not null,
        role varchar(255) check ((role in ('ADMIN','READ_ONLY','CUSTOMER')))
    )
2025-12-18 13:16:38 [main] DEBUG org.hibernate.SQL - 
    create table users (
        active boolean not null,
        created_at timestamp(6) not null,
        id bigint generated by default as identity,
        last_login timestamp(6),
        updated_at timestamp(6),
        first_name varchar(25) not null,
        last_name varchar(25),
        email varchar(50) not null unique,
        password varchar(255) not null,
        primary key (id)
    )
2025-12-18 13:16:38 [main] DEBUG org.hibernate.SQL - 
    alter table if exists user_role 
       add constraint FKj345gk1bovqvfame88rcx7yyx 
       foreign key (user_id) 
       references users
2025-12-18 13:16:38 [main] INFO  o.s.o.j.LocalContainerEntityManagerFactoryBean - Initialized JPA EntityManagerFactory for persistence unit 'default'
2025-12-18 13:16:38 [main] INFO  o.s.d.j.r.q.QueryEnhancerFactories - Hibernate is in classpath; If applicable, HQL parser will be used.
2025-12-18 13:16:39 [main] INFO  o.s.s.c.a.a.c.InitializeAuthenticationProviderBeanManagerConfigurer$InitializeAuthenticationProviderManagerConfigurer - Global AuthenticationManager configured with AuthenticationProvider bean with name authenticationProvider
2025-12-18 13:16:39 [main] WARN  o.s.s.c.a.a.c.InitializeUserDetailsBeanManagerConfigurer$InitializeUserDetailsManagerConfigurer - Global AuthenticationManager configured with an AuthenticationProvider bean. UserDetailsService beans will not be used by Spring Security for automatically configuring username/password login. Consider removing the AuthenticationProvider bean. Alternatively, consider using the UserDetailsService in a manually instantiated DaoAuthenticationProvider. If the current configuration is intentional, to turn off this warning, increase the logging level of 'org.springframework.security.config.annotation.authentication.configuration.InitializeUserDetailsBeanManagerConfigurer' to ERROR
2025-12-18 13:16:39 [main] WARN  o.s.b.j.a.JpaBaseConfiguration$JpaWebConfiguration - spring.jpa.open-in-view is enabled by default. Therefore, database queries may be performed during view rendering. Explicitly configure spring.jpa.open-in-view to disable this warning
2025-12-18 13:16:39 [main] DEBUG o.s.s.web.DefaultSecurityFilterChain - Will secure any request with filters: DisableEncodeUrlFilter, WebAsyncManagerIntegrationFilter, SecurityContextHolderFilter, HeaderWriterFilter, CorsFilter, LogoutFilter, JwtAuthenticationFilter, RequestCacheAwareFilter, SecurityContextHolderAwareRequestFilter, AnonymousAuthenticationFilter, SessionManagementFilter, ExceptionTranslationFilter, AuthorizationFilter
2025-12-18 13:16:39 [main] DEBUG o.s.w.s.m.m.a.RequestMappingHandlerMapping - 12 mappings in 'requestMappingHandlerMapping'
2025-12-18 13:16:39 [main] DEBUG o.s.w.s.h.SimpleUrlHandlerMapping - Patterns [/webjars/**, /**, /swagger-ui*/*swagger-initializer.js, /swagger-ui*/**] in 'resourceHandlerMapping'
2025-12-18 13:16:39 [main] DEBUG o.s.w.s.m.m.a.RequestMappingHandlerAdapter - ControllerAdvice beans: 0 @ModelAttribute, 0 @InitBinder, 1 RequestBodyAdvice, 1 ResponseBodyAdvice
2025-12-18 13:16:39 [main] DEBUG o.s.w.s.m.m.a.ExceptionHandlerExceptionResolver - ControllerAdvice beans: 2 @ExceptionHandler, 1 ResponseBodyAdvice
2025-12-18 13:16:39 [main] INFO  o.s.boot.tomcat.TomcatWebServer - Tomcat started on port 8080 (http) with context path '/api/v1'
2025-12-18 13:16:39 [main] INFO  c.c.c.CloudbalanceBackendApplication - Started CloudbalanceBackendApplication in 3.584 seconds (process running for 3.907)
2025-12-18 13:16:39 [main] DEBUG org.hibernate.SQL - 
    select
        count(*) 
    from
        users u1_0
2025-12-18 13:16:39 [main] INFO  c.c.c.config.DataInitializer - Initializing default users...
2025-12-18 13:16:39 [main] DEBUG org.hibernate.SQL - 
    insert 
    into
        users
        (active, created_at, email, first_name, last_login, last_name, password, updated_at) 
    values
        (?, ?, ?, ?, ?, ?, ?, ?)
2025-12-18 13:16:39 [main] DEBUG org.hibernate.SQL - 
    insert 
    into
        user_role
        (user_id, role) 
    values
        (?, ?)
2025-12-18 13:16:39 [main] INFO  c.c.c.config.DataInitializer - Default admin user created : deepak@gmail.com / SecurePassword@123
2025-12-18 13:17:16 [http-nio-8080-exec-2] INFO  o.a.c.c.C.[.[localhost].[/api/v1] - Initializing Spring DispatcherServlet 'dispatcherServlet'
2025-12-18 13:17:16 [http-nio-8080-exec-2] INFO  o.s.web.servlet.DispatcherServlet - Initializing Servlet 'dispatcherServlet'
2025-12-18 13:17:16 [http-nio-8080-exec-2] DEBUG o.s.web.servlet.DispatcherServlet - Detected StandardServletMultipartResolver
2025-12-18 13:17:16 [http-nio-8080-exec-2] DEBUG o.s.web.servlet.DispatcherServlet - Detected AcceptHeaderLocaleResolver
2025-12-18 13:17:16 [http-nio-8080-exec-2] DEBUG o.s.web.servlet.DispatcherServlet - Detected org.springframework.web.servlet.view.DefaultRequestToViewNameTranslator@2c018211
2025-12-18 13:17:16 [http-nio-8080-exec-2] DEBUG o.s.web.servlet.DispatcherServlet - Detected org.springframework.web.servlet.support.SessionFlashMapManager@3f937c0e
2025-12-18 13:17:16 [http-nio-8080-exec-2] DEBUG o.s.web.servlet.DispatcherServlet - enableLoggingRequestDetails='false': request parameters and headers will be masked to prevent unsafe logging of potentially sensitive data
2025-12-18 13:17:16 [http-nio-8080-exec-2] INFO  o.s.web.servlet.DispatcherServlet - Completed initialization in 2 ms
2025-12-18 13:17:16 [http-nio-8080-exec-2] DEBUG o.s.security.web.FilterChainProxy - Securing GET /swagger-ui/index.html
2025-12-18 13:17:16 [http-nio-8080-exec-2] DEBUG o.s.s.w.a.AnonymousAuthenticationFilter - Set SecurityContextHolder to anonymous SecurityContext
2025-12-18 13:17:16 [http-nio-8080-exec-2] DEBUG o.s.security.web.FilterChainProxy - Secured GET /swagger-ui/index.html
2025-12-18 13:17:16 [http-nio-8080-exec-2] DEBUG o.s.web.servlet.DispatcherServlet - GET "/api/v1/swagger-ui/index.html", parameters={}
2025-12-18 13:17:16 [http-nio-8080-exec-2] DEBUG o.s.w.s.h.SimpleUrlHandlerMapping - Mapped to ResourceHttpRequestHandler [classpath [META-INF/resources/webjars/]]
2025-12-18 13:17:16 [http-nio-8080-exec-2] DEBUG o.s.web.servlet.DispatcherServlet - Completed 200 OK
2025-12-18 13:17:16 [http-nio-8080-exec-3] DEBUG o.s.security.web.FilterChainProxy - Securing GET /swagger-ui/swagger-ui.css
2025-12-18 13:17:16 [http-nio-8080-exec-4] DEBUG o.s.security.web.FilterChainProxy - Securing GET /swagger-ui/index.css
2025-12-18 13:17:16 [http-nio-8080-exec-5] DEBUG o.s.security.web.FilterChainProxy - Securing GET /swagger-ui/swagger-ui-bundle.js
2025-12-18 13:17:16 [http-nio-8080-exec-3] DEBUG o.s.s.w.a.AnonymousAuthenticationFilter - Set SecurityContextHolder to anonymous SecurityContext
2025-12-18 13:17:16 [http-nio-8080-exec-6] DEBUG o.s.security.web.FilterChainProxy - Securing GET /swagger-ui/swagger-ui-standalone-preset.js
2025-12-18 13:17:16 [http-nio-8080-exec-5] DEBUG o.s.s.w.a.AnonymousAuthenticationFilter - Set SecurityContextHolder to anonymous SecurityContext
2025-12-18 13:17:16 [http-nio-8080-exec-4] DEBUG o.s.s.w.a.AnonymousAuthenticationFilter - Set SecurityContextHolder to anonymous SecurityContext
2025-12-18 13:17:16 [http-nio-8080-exec-3] DEBUG o.s.security.web.FilterChainProxy - Secured GET /swagger-ui/swagger-ui.css
2025-12-18 13:17:16 [http-nio-8080-exec-7] DEBUG o.s.security.web.FilterChainProxy - Securing GET /swagger-ui/swagger-initializer.js
2025-12-18 13:17:16 [http-nio-8080-exec-4] DEBUG o.s.security.web.FilterChainProxy - Secured GET /swagger-ui/index.css
2025-12-18 13:17:16 [http-nio-8080-exec-5] DEBUG o.s.security.web.FilterChainProxy - Secured GET /swagger-ui/swagger-ui-bundle.js
2025-12-18 13:17:16 [http-nio-8080-exec-6] DEBUG o.s.s.w.a.AnonymousAuthenticationFilter - Set SecurityContextHolder to anonymous SecurityContext
2025-12-18 13:17:16 [http-nio-8080-exec-3] DEBUG o.s.web.servlet.DispatcherServlet - GET "/api/v1/swagger-ui/swagger-ui.css", parameters={}
2025-12-18 13:17:16 [http-nio-8080-exec-4] DEBUG o.s.web.servlet.DispatcherServlet - GET "/api/v1/swagger-ui/index.css", parameters={}
2025-12-18 13:17:16 [http-nio-8080-exec-5] DEBUG o.s.web.servlet.DispatcherServlet - GET "/api/v1/swagger-ui/swagger-ui-bundle.js", parameters={}
2025-12-18 13:17:16 [http-nio-8080-exec-7] DEBUG o.s.s.w.a.AnonymousAuthenticationFilter - Set SecurityContextHolder to anonymous SecurityContext
2025-12-18 13:17:16 [http-nio-8080-exec-6] DEBUG o.s.security.web.FilterChainProxy - Secured GET /swagger-ui/swagger-ui-standalone-preset.js
2025-12-18 13:17:16 [http-nio-8080-exec-7] DEBUG o.s.security.web.FilterChainProxy - Secured GET /swagger-ui/swagger-initializer.js
2025-12-18 13:17:16 [http-nio-8080-exec-6] DEBUG o.s.web.servlet.DispatcherServlet - GET "/api/v1/swagger-ui/swagger-ui-standalone-preset.js", parameters={}
2025-12-18 13:17:16 [http-nio-8080-exec-7] DEBUG o.s.web.servlet.DispatcherServlet - GET "/api/v1/swagger-ui/swagger-initializer.js", parameters={}
2025-12-18 13:17:16 [http-nio-8080-exec-7] DEBUG o.s.w.s.h.SimpleUrlHandlerMapping - Mapped to ResourceHttpRequestHandler [classpath [META-INF/resources/webjars/]]
2025-12-18 13:17:16 [http-nio-8080-exec-4] DEBUG o.s.w.s.h.SimpleUrlHandlerMapping - Mapped to ResourceHttpRequestHandler [classpath [META-INF/resources/webjars/]]
2025-12-18 13:17:16 [http-nio-8080-exec-5] DEBUG o.s.w.s.h.SimpleUrlHandlerMapping - Mapped to ResourceHttpRequestHandler [classpath [META-INF/resources/webjars/]]
2025-12-18 13:17:16 [http-nio-8080-exec-6] DEBUG o.s.w.s.h.SimpleUrlHandlerMapping - Mapped to ResourceHttpRequestHandler [classpath [META-INF/resources/webjars/]]
2025-12-18 13:17:16 [http-nio-8080-exec-3] DEBUG o.s.w.s.h.SimpleUrlHandlerMapping - Mapped to ResourceHttpRequestHandler [classpath [META-INF/resources/webjars/]]
2025-12-18 13:17:16 [http-nio-8080-exec-4] DEBUG o.s.web.servlet.DispatcherServlet - Completed 200 OK
2025-12-18 13:17:16 [http-nio-8080-exec-3] DEBUG o.s.web.servlet.DispatcherServlet - Completed 200 OK
2025-12-18 13:17:16 [http-nio-8080-exec-6] DEBUG o.s.web.servlet.DispatcherServlet - Completed 200 OK
2025-12-18 13:17:16 [http-nio-8080-exec-5] DEBUG o.s.web.servlet.DispatcherServlet - Completed 200 OK
2025-12-18 13:17:16 [http-nio-8080-exec-7] DEBUG o.s.web.servlet.DispatcherServlet - Completed 200 OK
2025-12-18 13:17:16 [http-nio-8080-exec-8] DEBUG o.s.security.web.FilterChainProxy - Securing GET /v3/api-docs/swagger-config
2025-12-18 13:17:16 [http-nio-8080-exec-8] DEBUG o.s.s.w.a.AnonymousAuthenticationFilter - Set SecurityContextHolder to anonymous SecurityContext
2025-12-18 13:17:16 [http-nio-8080-exec-8] DEBUG o.s.security.web.FilterChainProxy - Secured GET /v3/api-docs/swagger-config
2025-12-18 13:17:16 [http-nio-8080-exec-8] DEBUG o.s.web.servlet.DispatcherServlet - GET "/api/v1/v3/api-docs/swagger-config", parameters={}
2025-12-18 13:17:16 [http-nio-8080-exec-8] DEBUG o.s.w.s.m.m.a.RequestMappingHandlerMapping - Mapped to org.springdoc.webmvc.ui.SwaggerConfigResource#openapiJson(HttpServletRequest)
2025-12-18 13:17:16 [http-nio-8080-exec-8] DEBUG o.s.w.s.m.m.a.RequestResponseBodyMethodProcessor - Using 'application/json', given [*/*] and supported [application/json]
2025-12-18 13:17:16 [http-nio-8080-exec-8] DEBUG o.s.w.s.m.m.a.RequestResponseBodyMethodProcessor - Writing [{configUrl=/api/v1/v3/api-docs/swagger-config, displayRequestDuration=true, oauth2RedirectUrl=http:/ (truncated)...]
2025-12-18 13:17:16 [http-nio-8080-exec-8] DEBUG o.s.web.servlet.DispatcherServlet - Completed 200 OK
2025-12-18 13:17:16 [http-nio-8080-exec-9] DEBUG o.s.security.web.FilterChainProxy - Securing GET /swagger-ui/favicon-16x16.png
2025-12-18 13:17:16 [http-nio-8080-exec-9] DEBUG o.s.s.w.a.AnonymousAuthenticationFilter - Set SecurityContextHolder to anonymous SecurityContext
2025-12-18 13:17:16 [http-nio-8080-exec-9] DEBUG o.s.security.web.FilterChainProxy - Secured GET /swagger-ui/favicon-16x16.png
2025-12-18 13:17:16 [http-nio-8080-exec-9] DEBUG o.s.web.servlet.DispatcherServlet - GET "/api/v1/swagger-ui/favicon-16x16.png", parameters={}
2025-12-18 13:17:16 [http-nio-8080-exec-9] DEBUG o.s.w.s.h.SimpleUrlHandlerMapping - Mapped to ResourceHttpRequestHandler [classpath [META-INF/resources/webjars/]]
2025-12-18 13:17:16 [http-nio-8080-exec-9] DEBUG o.s.web.servlet.DispatcherServlet - Completed 200 OK
2025-12-18 13:17:17 [http-nio-8080-exec-10] DEBUG o.s.security.web.FilterChainProxy - Securing GET /v3/api-docs
2025-12-18 13:17:17 [http-nio-8080-exec-10] DEBUG o.s.s.w.a.AnonymousAuthenticationFilter - Set SecurityContextHolder to anonymous SecurityContext
2025-12-18 13:17:17 [http-nio-8080-exec-10] DEBUG o.s.security.web.FilterChainProxy - Secured GET /v3/api-docs
2025-12-18 13:17:17 [http-nio-8080-exec-10] DEBUG o.s.web.servlet.DispatcherServlet - GET "/api/v1/v3/api-docs", parameters={}
2025-12-18 13:17:17 [http-nio-8080-exec-10] DEBUG o.s.w.s.m.m.a.RequestMappingHandlerMapping - Mapped to org.springdoc.webmvc.api.OpenApiWebMvcResource#openapiJson(HttpServletRequest, String, Locale)
2025-12-18 13:17:17 [http-nio-8080-exec-10] INFO  o.s.api.AbstractOpenApiResource - Init duration for springdoc-openapi is: 156 ms
2025-12-18 13:17:17 [http-nio-8080-exec-10] DEBUG o.s.w.s.m.m.a.RequestResponseBodyMethodProcessor - Using 'application/json', given [application/json, */*] and supported [application/json]
2025-12-18 13:17:17 [http-nio-8080-exec-10] DEBUG o.s.w.s.m.m.a.RequestResponseBodyMethodProcessor - Writing [{7b226f70656e617069223a22332e312e30222c22696e666f223a7b227469746c65223a22436c6f756442616c616e6365204 (truncated)...]
2025-12-18 13:17:17 [http-nio-8080-exec-10] DEBUG o.s.web.servlet.DispatcherServlet - Completed 200 OK
2025-12-18 13:19:37 [SpringApplicationShutdownHook] INFO  o.s.boot.tomcat.GracefulShutdown - Commencing graceful shutdown. Waiting for active requests to complete
2025-12-18 13:19:37 [tomcat-shutdown] INFO  o.s.boot.tomcat.GracefulShutdown - Graceful shutdown complete
2025-12-18 13:19:37 [SpringApplicationShutdownHook] INFO  o.s.o.j.LocalContainerEntityManagerFactoryBean - Closing JPA EntityManagerFactory for persistence unit 'default'
2025-12-18 13:19:37 [SpringApplicationShutdownHook] INFO  com.zaxxer.hikari.HikariDataSource - HikariPool-1 - Shutdown initiated...
2025-12-18 13:19:37 [SpringApplicationShutdownHook] INFO  com.zaxxer.hikari.HikariDataSource - HikariPool-1 - Shutdown completed.
2025-12-18 13:19:38 [main] INFO  c.c.c.CloudbalanceBackendApplication - Starting CloudbalanceBackendApplication using Java 25.0.1 with PID 55945 (/home/deepak/Desktop/cloudbalance-backend/build/classes/java/main started by deepak in /home/deepak/Desktop/cloudbalance-backend)
2025-12-18 13:19:38 [main] INFO  c.c.c.CloudbalanceBackendApplication - No active profile set, falling back to 1 default profile: "default"
2025-12-18 13:19:39 [main] INFO  o.s.d.r.c.RepositoryConfigurationDelegate - Bootstrapping Spring Data JPA repositories in DEFAULT mode.
2025-12-18 13:19:39 [main] INFO  o.s.d.r.c.RepositoryConfigurationDelegate - Finished Spring Data repository scanning in 20 ms. Found 2 JPA repository interfaces.
2025-12-18 13:19:39 [main] INFO  o.s.boot.tomcat.TomcatWebServer - Tomcat initialized with port 8080 (http)
2025-12-18 13:19:39 [main] INFO  o.a.catalina.core.StandardService - Starting service [Tomcat]
2025-12-18 13:19:39 [main] INFO  o.a.catalina.core.StandardEngine - Starting Servlet engine: [Apache Tomcat/11.0.14]
2025-12-18 13:19:39 [main] INFO  o.s.b.w.c.s.WebApplicationContextInitializer - Root WebApplicationContext: initialization completed in 727 ms
2025-12-18 13:19:39 [main] INFO  o.h.jpa.internal.util.LogHelper - HHH000204: Processing PersistenceUnitInfo [name: default]
2025-12-18 13:19:39 [main] INFO  org.hibernate.Version - HHH000412: Hibernate ORM core version 7.1.8.Final
2025-12-18 13:19:39 [main] INFO  o.s.o.j.p.SpringPersistenceUnitInfo - No LoadTimeWeaver setup: ignoring JPA class transformer
2025-12-18 13:19:39 [main] INFO  com.zaxxer.hikari.HikariDataSource - HikariPool-1 - Starting...
2025-12-18 13:19:40 [main] INFO  com.zaxxer.hikari.pool.HikariPool - HikariPool-1 - Added connection org.postgresql.jdbc.PgConnection@571e2f15
2025-12-18 13:19:40 [main] INFO  com.zaxxer.hikari.HikariDataSource - HikariPool-1 - Start completed.
2025-12-18 13:19:40 [main] WARN  org.hibernate.orm.deprecation - HHH90000025: PostgreSQLDialect does not need to be specified explicitly using 'hibernate.dialect' (remove the property setting and it will be selected by default)
2025-12-18 13:19:40 [main] INFO  o.hibernate.orm.connections.pooling - HHH10001005: Database info:
	Database JDBC URL [jdbc:postgresql://localhost:5432/cloudbalance]
	Database driver: PostgreSQL JDBC Driver
	Database dialect: PostgreSQLDialect
	Database version: 16.11
	Default catalog/schema: cloudbalance/public
	Autocommit mode: undefined/unknown
	Isolation level: READ_COMMITTED [default READ_COMMITTED]
	JDBC fetch size: none
	Pool: DatasourceConnectionProviderImpl
	Minimum pool size: undefined/unknown
	Maximum pool size: undefined/unknown
2025-12-18 13:19:40 [main] INFO  o.h.e.t.j.p.i.JtaPlatformInitiator - HHH000489: No JTA platform available (set 'hibernate.transaction.jta.platform' to enable JTA platform integration)
2025-12-18 13:19:40 [main] DEBUG org.hibernate.SQL - 
    set client_min_messages = WARNING
2025-12-18 13:19:40 [main] DEBUG org.hibernate.SQL - 
    alter table if exists user_role 
       drop constraint if exists FKj345gk1bovqvfame88rcx7yyx
2025-12-18 13:19:40 [main] DEBUG org.hibernate.SQL - 
    drop table if exists roles cascade
2025-12-18 13:19:40 [main] DEBUG org.hibernate.SQL - 
    drop table if exists user_role cascade
2025-12-18 13:19:40 [main] DEBUG org.hibernate.SQL - 
    drop table if exists users cascade
2025-12-18 13:19:40 [main] DEBUG org.hibernate.SQL - 
    create table roles (
        id integer generated by default as identity,
        description varchar(255),
        name bytea not null unique,
        primary key (id)
    )
2025-12-18 13:19:40 [main] DEBUG org.hibernate.SQL - 
    create table user_role (
        user_id bigint not null,
        role varchar(255) check ((role in ('ADMIN','READ_ONLY','CUSTOMER')))
    )
2025-12-18 13:19:40 [main] DEBUG org.hibernate.SQL - 
    create table users (
        active boolean not null,
        created_at timestamp(6) not null,
        id bigint generated by default as identity,
        last_login timestamp(6),
        updated_at timestamp(6),
        first_name varchar(25) not null,
        last_name varchar(25),
        email varchar(50) not null unique,
        password varchar(255) not null,
        primary key (id)
    )
2025-12-18 13:19:40 [main] DEBUG org.hibernate.SQL - 
    alter table if exists user_role 
       add constraint FKj345gk1bovqvfame88rcx7yyx 
       foreign key (user_id) 
       references users
2025-12-18 13:19:40 [main] INFO  o.s.o.j.LocalContainerEntityManagerFactoryBean - Initialized JPA EntityManagerFactory for persistence unit 'default'
2025-12-18 13:19:40 [main] INFO  o.s.d.j.r.q.QueryEnhancerFactories - Hibernate is in classpath; If applicable, HQL parser will be used.
2025-12-18 13:19:40 [main] INFO  o.s.s.c.a.a.c.InitializeAuthenticationProviderBeanManagerConfigurer$InitializeAuthenticationProviderManagerConfigurer - Global AuthenticationManager configured with AuthenticationProvider bean with name authenticationProvider
2025-12-18 13:19:40 [main] WARN  o.s.s.c.a.a.c.InitializeUserDetailsBeanManagerConfigurer$InitializeUserDetailsManagerConfigurer - Global AuthenticationManager configured with an AuthenticationProvider bean. UserDetailsService beans will not be used by Spring Security for automatically configuring username/password login. Consider removing the AuthenticationProvider bean. Alternatively, consider using the UserDetailsService in a manually instantiated DaoAuthenticationProvider. If the current configuration is intentional, to turn off this warning, increase the logging level of 'org.springframework.security.config.annotation.authentication.configuration.InitializeUserDetailsBeanManagerConfigurer' to ERROR
2025-12-18 13:19:40 [main] WARN  o.s.b.j.a.JpaBaseConfiguration$JpaWebConfiguration - spring.jpa.open-in-view is enabled by default. Therefore, database queries may be performed during view rendering. Explicitly configure spring.jpa.open-in-view to disable this warning
2025-12-18 13:19:41 [main] DEBUG o.s.s.web.DefaultSecurityFilterChain - Will secure any request with filters: DisableEncodeUrlFilter, WebAsyncManagerIntegrationFilter, SecurityContextHolderFilter, HeaderWriterFilter, CorsFilter, LogoutFilter, JwtAuthenticationFilter, RequestCacheAwareFilter, SecurityContextHolderAwareRequestFilter, AnonymousAuthenticationFilter, SessionManagementFilter, ExceptionTranslationFilter, AuthorizationFilter
2025-12-18 13:19:41 [main] DEBUG o.s.w.s.m.m.a.RequestMappingHandlerMapping - 12 mappings in 'requestMappingHandlerMapping'
2025-12-18 13:19:41 [main] DEBUG o.s.w.s.h.SimpleUrlHandlerMapping - Patterns [/webjars/**, /**, /swagger-ui*/*swagger-initializer.js, /swagger-ui*/**] in 'resourceHandlerMapping'
2025-12-18 13:19:41 [main] DEBUG o.s.w.s.m.m.a.RequestMappingHandlerAdapter - ControllerAdvice beans: 0 @ModelAttribute, 0 @InitBinder, 1 RequestBodyAdvice, 1 ResponseBodyAdvice
2025-12-18 13:19:41 [main] DEBUG o.s.w.s.m.m.a.ExceptionHandlerExceptionResolver - ControllerAdvice beans: 2 @ExceptionHandler, 1 ResponseBodyAdvice
2025-12-18 13:19:41 [main] INFO  o.s.boot.tomcat.TomcatWebServer - Tomcat started on port 8080 (http) with context path '/api'
2025-12-18 13:19:41 [main] INFO  c.c.c.CloudbalanceBackendApplication - Started CloudbalanceBackendApplication in 2.769 seconds (process running for 2.953)
2025-12-18 13:19:41 [main] DEBUG org.hibernate.SQL - 
    select
        count(*) 
    from
        users u1_0
2025-12-18 13:19:41 [main] INFO  c.c.c.config.DataInitializer - Initializing default users...
2025-12-18 13:19:41 [main] DEBUG org.hibernate.SQL - 
    insert 
    into
        users
        (active, created_at, email, first_name, last_login, last_name, password, updated_at) 
    values
        (?, ?, ?, ?, ?, ?, ?, ?)
2025-12-18 13:19:41 [main] DEBUG org.hibernate.SQL - 
    insert 
    into
        user_role
        (user_id, role) 
    values
        (?, ?)
2025-12-18 13:19:41 [main] INFO  c.c.c.config.DataInitializer - Default admin user created : deepak@gmail.com / SecurePassword@123
2025-12-18 13:19:51 [http-nio-8080-exec-1] INFO  o.a.c.c.C.[.[localhost].[/api] - Initializing Spring DispatcherServlet 'dispatcherServlet'
2025-12-18 13:19:51 [http-nio-8080-exec-1] INFO  o.s.web.servlet.DispatcherServlet - Initializing Servlet 'dispatcherServlet'
2025-12-18 13:19:51 [http-nio-8080-exec-1] DEBUG o.s.web.servlet.DispatcherServlet - Detected StandardServletMultipartResolver
2025-12-18 13:19:51 [http-nio-8080-exec-1] DEBUG o.s.web.servlet.DispatcherServlet - Detected AcceptHeaderLocaleResolver
2025-12-18 13:19:51 [http-nio-8080-exec-1] DEBUG o.s.web.servlet.DispatcherServlet - Detected org.springframework.web.servlet.view.DefaultRequestToViewNameTranslator@64db8a3
2025-12-18 13:19:51 [http-nio-8080-exec-1] DEBUG o.s.web.servlet.DispatcherServlet - Detected org.springframework.web.servlet.support.SessionFlashMapManager@3c403b36
2025-12-18 13:19:51 [http-nio-8080-exec-1] DEBUG o.s.web.servlet.DispatcherServlet - enableLoggingRequestDetails='false': request parameters and headers will be masked to prevent unsafe logging of potentially sensitive data
2025-12-18 13:19:51 [http-nio-8080-exec-1] INFO  o.s.web.servlet.DispatcherServlet - Completed initialization in 2 ms
2025-12-18 13:19:51 [http-nio-8080-exec-1] DEBUG o.s.security.web.FilterChainProxy - Securing GET /swagger-ui/index.html
2025-12-18 13:19:51 [http-nio-8080-exec-1] DEBUG o.s.s.w.a.AnonymousAuthenticationFilter - Set SecurityContextHolder to anonymous SecurityContext
2025-12-18 13:19:51 [http-nio-8080-exec-1] DEBUG o.s.security.web.FilterChainProxy - Secured GET /swagger-ui/index.html
2025-12-18 13:19:51 [http-nio-8080-exec-1] DEBUG o.s.web.servlet.DispatcherServlet - GET "/api/swagger-ui/index.html", parameters={}
2025-12-18 13:19:51 [http-nio-8080-exec-1] DEBUG o.s.w.s.h.SimpleUrlHandlerMapping - Mapped to ResourceHttpRequestHandler [classpath [META-INF/resources/webjars/]]
2025-12-18 13:19:51 [http-nio-8080-exec-1] DEBUG o.s.web.servlet.DispatcherServlet - Completed 200 OK
2025-12-18 13:19:51 [http-nio-8080-exec-2] DEBUG o.s.security.web.FilterChainProxy - Securing GET /swagger-ui/swagger-ui.css
2025-12-18 13:19:51 [http-nio-8080-exec-4] DEBUG o.s.security.web.FilterChainProxy - Securing GET /swagger-ui/swagger-ui-bundle.js
2025-12-18 13:19:51 [http-nio-8080-exec-5] DEBUG o.s.security.web.FilterChainProxy - Securing GET /swagger-ui/swagger-ui-standalone-preset.js
2025-12-18 13:19:51 [http-nio-8080-exec-6] DEBUG o.s.security.web.FilterChainProxy - Securing GET /swagger-ui/swagger-initializer.js
2025-12-18 13:19:51 [http-nio-8080-exec-3] DEBUG o.s.security.web.FilterChainProxy - Securing GET /swagger-ui/index.css
2025-12-18 13:19:51 [http-nio-8080-exec-5] DEBUG o.s.s.w.a.AnonymousAuthenticationFilter - Set SecurityContextHolder to anonymous SecurityContext
2025-12-18 13:19:51 [http-nio-8080-exec-4] DEBUG o.s.s.w.a.AnonymousAuthenticationFilter - Set SecurityContextHolder to anonymous SecurityContext
2025-12-18 13:19:51 [http-nio-8080-exec-6] DEBUG o.s.s.w.a.AnonymousAuthenticationFilter - Set SecurityContextHolder to anonymous SecurityContext
2025-12-18 13:19:51 [http-nio-8080-exec-3] DEBUG o.s.s.w.a.AnonymousAuthenticationFilter - Set SecurityContextHolder to anonymous SecurityContext
2025-12-18 13:19:51 [http-nio-8080-exec-2] DEBUG o.s.s.w.a.AnonymousAuthenticationFilter - Set SecurityContextHolder to anonymous SecurityContext
2025-12-18 13:19:51 [http-nio-8080-exec-4] DEBUG o.s.security.web.FilterChainProxy - Secured GET /swagger-ui/swagger-ui-bundle.js
2025-12-18 13:19:51 [http-nio-8080-exec-3] DEBUG o.s.security.web.FilterChainProxy - Secured GET /swagger-ui/index.css
2025-12-18 13:19:51 [http-nio-8080-exec-5] DEBUG o.s.security.web.FilterChainProxy - Secured GET /swagger-ui/swagger-ui-standalone-preset.js
2025-12-18 13:19:51 [http-nio-8080-exec-6] DEBUG o.s.security.web.FilterChainProxy - Secured GET /swagger-ui/swagger-initializer.js
2025-12-18 13:19:51 [http-nio-8080-exec-2] DEBUG o.s.security.web.FilterChainProxy - Secured GET /swagger-ui/swagger-ui.css
2025-12-18 13:19:51 [http-nio-8080-exec-4] DEBUG o.s.web.servlet.DispatcherServlet - GET "/api/swagger-ui/swagger-ui-bundle.js", parameters={}
2025-12-18 13:19:51 [http-nio-8080-exec-3] DEBUG o.s.web.servlet.DispatcherServlet - GET "/api/swagger-ui/index.css", parameters={}
2025-12-18 13:19:51 [http-nio-8080-exec-5] DEBUG o.s.web.servlet.DispatcherServlet - GET "/api/swagger-ui/swagger-ui-standalone-preset.js", parameters={}
2025-12-18 13:19:51 [http-nio-8080-exec-6] DEBUG o.s.web.servlet.DispatcherServlet - GET "/api/swagger-ui/swagger-initializer.js", parameters={}
2025-12-18 13:19:51 [http-nio-8080-exec-2] DEBUG o.s.web.servlet.DispatcherServlet - GET "/api/swagger-ui/swagger-ui.css", parameters={}
2025-12-18 13:19:51 [http-nio-8080-exec-4] DEBUG o.s.w.s.h.SimpleUrlHandlerMapping - Mapped to ResourceHttpRequestHandler [classpath [META-INF/resources/webjars/]]
2025-12-18 13:19:51 [http-nio-8080-exec-5] DEBUG o.s.w.s.h.SimpleUrlHandlerMapping - Mapped to ResourceHttpRequestHandler [classpath [META-INF/resources/webjars/]]
2025-12-18 13:19:51 [http-nio-8080-exec-2] DEBUG o.s.w.s.h.SimpleUrlHandlerMapping - Mapped to ResourceHttpRequestHandler [classpath [META-INF/resources/webjars/]]
2025-12-18 13:19:51 [http-nio-8080-exec-3] DEBUG o.s.w.s.h.SimpleUrlHandlerMapping - Mapped to ResourceHttpRequestHandler [classpath [META-INF/resources/webjars/]]
2025-12-18 13:19:51 [http-nio-8080-exec-6] DEBUG o.s.w.s.h.SimpleUrlHandlerMapping - Mapped to ResourceHttpRequestHandler [classpath [META-INF/resources/webjars/]]
2025-12-18 13:19:51 [http-nio-8080-exec-3] DEBUG o.s.web.servlet.DispatcherServlet - Completed 200 OK
2025-12-18 13:19:51 [http-nio-8080-exec-2] DEBUG o.s.web.servlet.DispatcherServlet - Completed 200 OK
2025-12-18 13:19:51 [http-nio-8080-exec-5] DEBUG o.s.web.servlet.DispatcherServlet - Completed 200 OK
2025-12-18 13:19:51 [http-nio-8080-exec-4] DEBUG o.s.web.servlet.DispatcherServlet - Completed 200 OK
2025-12-18 13:19:51 [http-nio-8080-exec-6] DEBUG o.s.web.servlet.DispatcherServlet - Completed 200 OK
2025-12-18 13:19:51 [http-nio-8080-exec-7] DEBUG o.s.security.web.FilterChainProxy - Securing GET /v3/api-docs/swagger-config
2025-12-18 13:19:51 [http-nio-8080-exec-7] DEBUG o.s.s.w.a.AnonymousAuthenticationFilter - Set SecurityContextHolder to anonymous SecurityContext
2025-12-18 13:19:51 [http-nio-8080-exec-7] DEBUG o.s.security.web.FilterChainProxy - Secured GET /v3/api-docs/swagger-config
2025-12-18 13:19:51 [http-nio-8080-exec-7] DEBUG o.s.web.servlet.DispatcherServlet - GET "/api/v3/api-docs/swagger-config", parameters={}
2025-12-18 13:19:51 [http-nio-8080-exec-7] DEBUG o.s.w.s.m.m.a.RequestMappingHandlerMapping - Mapped to org.springdoc.webmvc.ui.SwaggerConfigResource#openapiJson(HttpServletRequest)
2025-12-18 13:19:51 [http-nio-8080-exec-7] DEBUG o.s.w.s.m.m.a.RequestResponseBodyMethodProcessor - Using 'application/json', given [*/*] and supported [application/json]
2025-12-18 13:19:51 [http-nio-8080-exec-7] DEBUG o.s.w.s.m.m.a.RequestResponseBodyMethodProcessor - Writing [{configUrl=/api/v3/api-docs/swagger-config, displayRequestDuration=true, oauth2RedirectUrl=http://lo (truncated)...]
2025-12-18 13:19:51 [http-nio-8080-exec-7] DEBUG o.s.web.servlet.DispatcherServlet - Completed 200 OK
2025-12-18 13:19:51 [http-nio-8080-exec-8] DEBUG o.s.security.web.FilterChainProxy - Securing GET /swagger-ui/favicon-16x16.png
2025-12-18 13:19:51 [http-nio-8080-exec-8] DEBUG o.s.s.w.a.AnonymousAuthenticationFilter - Set SecurityContextHolder to anonymous SecurityContext
2025-12-18 13:19:51 [http-nio-8080-exec-8] DEBUG o.s.security.web.FilterChainProxy - Secured GET /swagger-ui/favicon-16x16.png
2025-12-18 13:19:51 [http-nio-8080-exec-8] DEBUG o.s.web.servlet.DispatcherServlet - GET "/api/swagger-ui/favicon-16x16.png", parameters={}
2025-12-18 13:19:51 [http-nio-8080-exec-8] DEBUG o.s.w.s.h.SimpleUrlHandlerMapping - Mapped to ResourceHttpRequestHandler [classpath [META-INF/resources/webjars/]]
2025-12-18 13:19:51 [http-nio-8080-exec-8] DEBUG o.s.web.servlet.DispatcherServlet - Completed 200 OK
2025-12-18 13:19:51 [http-nio-8080-exec-9] DEBUG o.s.security.web.FilterChainProxy - Securing GET /v3/api-docs
2025-12-18 13:19:51 [http-nio-8080-exec-9] DEBUG o.s.s.w.a.AnonymousAuthenticationFilter - Set SecurityContextHolder to anonymous SecurityContext
2025-12-18 13:19:51 [http-nio-8080-exec-9] DEBUG o.s.security.web.FilterChainProxy - Secured GET /v3/api-docs
2025-12-18 13:19:51 [http-nio-8080-exec-9] DEBUG o.s.web.servlet.DispatcherServlet - GET "/api/v3/api-docs", parameters={}
2025-12-18 13:19:51 [http-nio-8080-exec-9] DEBUG o.s.w.s.m.m.a.RequestMappingHandlerMapping - Mapped to org.springdoc.webmvc.api.OpenApiWebMvcResource#openapiJson(HttpServletRequest, String, Locale)
2025-12-18 13:19:52 [http-nio-8080-exec-9] INFO  o.s.api.AbstractOpenApiResource - Init duration for springdoc-openapi is: 155 ms
2025-12-18 13:19:52 [http-nio-8080-exec-9] DEBUG o.s.w.s.m.m.a.RequestResponseBodyMethodProcessor - Using 'application/json', given [application/json, */*] and supported [application/json]
2025-12-18 13:19:52 [http-nio-8080-exec-9] DEBUG o.s.w.s.m.m.a.RequestResponseBodyMethodProcessor - Writing [{7b226f70656e617069223a22332e312e30222c22696e666f223a7b227469746c65223a22436c6f756442616c616e6365204 (truncated)...]
2025-12-18 13:19:52 [http-nio-8080-exec-9] DEBUG o.s.web.servlet.DispatcherServlet - Completed 200 OK
2025-12-18 13:19:57 [http-nio-8080-exec-10] DEBUG o.s.security.web.FilterChainProxy - Securing POST /auth/login
2025-12-18 13:19:57 [http-nio-8080-exec-10] DEBUG o.s.s.w.a.AnonymousAuthenticationFilter - Set SecurityContextHolder to anonymous SecurityContext
2025-12-18 13:19:57 [http-nio-8080-exec-10] DEBUG o.s.security.web.FilterChainProxy - Secured POST /auth/login
2025-12-18 13:19:57 [http-nio-8080-exec-10] DEBUG o.s.web.servlet.DispatcherServlet - POST "/api/auth/login", parameters={}
2025-12-18 13:19:57 [http-nio-8080-exec-10] DEBUG o.s.w.s.m.m.a.RequestMappingHandlerMapping - Mapped to com.cloudkeeper.cloudbalance_backend.controller.AuthController#login(LoginRequest)
2025-12-18 13:19:57 [http-nio-8080-exec-10] DEBUG o.s.w.s.m.m.a.RequestResponseBodyMethodProcessor - Read "application/json;charset=UTF-8" to [LoginRequest(email=deepak@gmail.com, password=SecurePassword@123)]
[2025-12-18 13:19:57.890] [http-nio-8080-exec-10] [INFO] [HttpLoggingAspect] - ============= HTTP REQUEST ===============
[2025-12-18 13:19:57.896] [http-nio-8080-exec-10] [INFO] [HttpLoggingAspect] - URL: POST /api/auth/login
[2025-12-18 13:19:57.902] [http-nio-8080-exec-10] [INFO] [HttpLoggingAspect] - Client IP: 127.0.0.1
[2025-12-18 13:19:57.908] [http-nio-8080-exec-10] [INFO] [HttpLoggingAspect] - User-Agent: Mozilla/5.0 (X11; Ubuntu; Linux x86_64; rv:146.0) Gecko/20100101 Firefox/146.0
[2025-12-18 13:19:57.915] [http-nio-8080-exec-10] [INFO] [AuthController] - >>> Starting AuthController.login() with args : [LoginRequest(email=deepak@gmail.com, password=SecurePassword@123)]
[2025-12-18 13:19:57.922] [http-nio-8080-exec-10] [INFO] [AuthService] - >>> Starting AuthService.login()
2025-12-18 13:19:58 [http-nio-8080-exec-10] DEBUG org.hibernate.SQL - 
    select
        u1_0.id,
        u1_0.active,
        u1_0.created_at,
        u1_0.email,
        u1_0.first_name,
        u1_0.last_login,
        u1_0.last_name,
        u1_0.password,
        u1_0.updated_at 
    from
        users u1_0 
    where
        u1_0.email=?
2025-12-18 13:19:58 [http-nio-8080-exec-10] DEBUG org.hibernate.SQL - 
    select
        r1_0.user_id,
        r1_0.role 
    from
        user_role r1_0 
    where
        r1_0.user_id=?
2025-12-18 13:19:58 [http-nio-8080-exec-10] DEBUG o.s.s.a.d.DaoAuthenticationProvider - Authenticated user
[2025-12-18 13:19:58.086] [http-nio-8080-exec-10] [INFO] [AuthService] - Authentication successful for: deepak@gmail.com
2025-12-18 13:19:58 [http-nio-8080-exec-10] DEBUG org.hibernate.SQL - 
    select
        u1_0.id,
        u1_0.active,
        u1_0.created_at,
        u1_0.email,
        u1_0.first_name,
        u1_0.last_login,
        u1_0.last_name,
        u1_0.password,
        u1_0.updated_at 
    from
        users u1_0 
    where
        u1_0.email=?
2025-12-18 13:19:58 [http-nio-8080-exec-10] INFO  c.c.c.service.JwtService - Secret Key from application : 404E635266556A586E3272357538782F413F4428472B4B6250645367566B5970337336763979244226452948404D6351
2025-12-18 13:19:58 [http-nio-8080-exec-10] DEBUG org.hibernate.SQL - 
    select
        u1_0.id,
        u1_0.active,
        u1_0.created_at,
        u1_0.email,
        u1_0.first_name,
        u1_0.last_login,
        u1_0.last_name,
        u1_0.password,
        u1_0.updated_at 
    from
        users u1_0 
    where
        u1_0.email=?
[2025-12-18 13:19:58.132] [http-nio-8080-exec-10] [INFO] [AuthService] - User logged in successfully : deepak@gmail.com
[2025-12-18 13:19:58.138] [http-nio-8080-exec-10] [INFO] [AuthService] - <<< Completed AuthService.login() in 208 ms
[2025-12-18 13:19:58.146] [http-nio-8080-exec-10] [INFO] [AuthService] - Result : AuthResponse(token=eyJhbGciOiJIUzI1NiJ9.eyJzdWIiOiJkZWVwYWtAZ21haWwuY29tIiwiaWF0IjoxNzY2MDQ0MTk4LCJleHAiOjE3NjYxMzA1OTh9.8IF5widJUWK8KijGB-1VKs1VPIrG8exJbt5--Hnwieo, type=Bearer, name=Deepak Kumar Verma, email=deepak@gmail.com, role=Admin)
2025-12-18 13:19:58 [http-nio-8080-exec-10] DEBUG org.hibernate.SQL - 
    update
        users 
    set
        active=?,
        email=?,
        first_name=?,
        last_login=?,
        last_name=?,
        password=?,
        updated_at=? 
    where
        id=?
[2025-12-18 13:19:58.181] [http-nio-8080-exec-10] [INFO] [AuthController] - <<< Completed AuthController.login() in 260 ms
[2025-12-18 13:19:58.193] [http-nio-8080-exec-10] [INFO] [AuthController] - Result : <200 OK OK,ApiResponse(success=true, message=Login successful, data=AuthResponse(token=eyJhbGciOiJIUzI1NiJ9.eyJzdWIiOiJkZWVwYWtAZ21haWwuY29tIiwiaWF0IjoxNzY2MDQ0MTk4LCJleHAiOjE3NjYxMzA1OTh9.8IF5widJUWK8KijGB-1VKs1VPIrG8exJbt5--Hnwieo, type=Bearer, name=Deepak Kumar Verma, email=deepak@gmail.com, role=Admin), error=null),[]>
[2025-12-18 13:19:58.201] [http-nio-8080-exec-10] [INFO] [HttpLoggingAspect] - Response Time : 288 ms
[2025-12-18 13:19:58.208] [http-nio-8080-exec-10] [INFO] [HttpLoggingAspect] - ==================== Request Completed ===================
2025-12-18 13:19:58 [http-nio-8080-exec-10] DEBUG o.s.w.s.m.m.a.HttpEntityMethodProcessor - Using 'application/json', given [*/*] and supported [application/json, application/*+json, application/yaml]
2025-12-18 13:19:58 [http-nio-8080-exec-10] DEBUG o.s.w.s.m.m.a.HttpEntityMethodProcessor - Writing [ApiResponse(success=true, message=Login successful, data=AuthResponse(token=eyJhbGciOiJIUzI1NiJ9.eyJ (truncated)...]
2025-12-18 13:19:58 [http-nio-8080-exec-10] DEBUG o.s.web.servlet.DispatcherServlet - Completed 200 OK
2025-12-18 13:31:39 [SpringApplicationShutdownHook] INFO  o.s.boot.tomcat.GracefulShutdown - Commencing graceful shutdown. Waiting for active requests to complete
2025-12-18 13:31:39 [tomcat-shutdown] INFO  o.s.boot.tomcat.GracefulShutdown - Graceful shutdown complete
2025-12-18 13:31:39 [SpringApplicationShutdownHook] INFO  o.s.o.j.LocalContainerEntityManagerFactoryBean - Closing JPA EntityManagerFactory for persistence unit 'default'
2025-12-18 13:31:39 [SpringApplicationShutdownHook] INFO  com.zaxxer.hikari.HikariDataSource - HikariPool-1 - Shutdown initiated...
2025-12-18 13:31:39 [SpringApplicationShutdownHook] INFO  com.zaxxer.hikari.HikariDataSource - HikariPool-1 - Shutdown completed.
2025-12-18 13:31:41 [main] INFO  c.c.c.CloudbalanceBackendApplication - Starting CloudbalanceBackendApplication using Java 25.0.1 with PID 58062 (/home/deepak/Desktop/cloudbalance-backend/build/classes/java/main started by deepak in /home/deepak/Desktop/cloudbalance-backend)
2025-12-18 13:31:41 [main] INFO  c.c.c.CloudbalanceBackendApplication - No active profile set, falling back to 1 default profile: "default"
2025-12-18 13:31:42 [main] INFO  o.s.d.r.c.RepositoryConfigurationDelegate - Bootstrapping Spring Data JPA repositories in DEFAULT mode.
2025-12-18 13:31:42 [main] INFO  o.s.d.r.c.RepositoryConfigurationDelegate - Finished Spring Data repository scanning in 22 ms. Found 2 JPA repository interfaces.
2025-12-18 13:31:42 [main] INFO  o.s.boot.tomcat.TomcatWebServer - Tomcat initialized with port 8080 (http)
2025-12-18 13:31:42 [main] INFO  o.a.catalina.core.StandardService - Starting service [Tomcat]
2025-12-18 13:31:42 [main] INFO  o.a.catalina.core.StandardEngine - Starting Servlet engine: [Apache Tomcat/11.0.14]
2025-12-18 13:31:42 [main] INFO  o.s.b.w.c.s.WebApplicationContextInitializer - Root WebApplicationContext: initialization completed in 863 ms
2025-12-18 13:31:42 [main] INFO  o.h.jpa.internal.util.LogHelper - HHH000204: Processing PersistenceUnitInfo [name: default]
2025-12-18 13:31:42 [main] INFO  org.hibernate.Version - HHH000412: Hibernate ORM core version 7.1.8.Final
2025-12-18 13:31:43 [main] INFO  o.s.o.j.p.SpringPersistenceUnitInfo - No LoadTimeWeaver setup: ignoring JPA class transformer
2025-12-18 13:31:43 [main] INFO  com.zaxxer.hikari.HikariDataSource - HikariPool-1 - Starting...
2025-12-18 13:31:43 [main] INFO  com.zaxxer.hikari.pool.HikariPool - HikariPool-1 - Added connection org.postgresql.jdbc.PgConnection@571e2f15
2025-12-18 13:31:43 [main] INFO  com.zaxxer.hikari.HikariDataSource - HikariPool-1 - Start completed.
2025-12-18 13:31:43 [main] WARN  org.hibernate.orm.deprecation - HHH90000025: PostgreSQLDialect does not need to be specified explicitly using 'hibernate.dialect' (remove the property setting and it will be selected by default)
2025-12-18 13:31:43 [main] INFO  o.hibernate.orm.connections.pooling - HHH10001005: Database info:
	Database JDBC URL [jdbc:postgresql://localhost:5432/cloudbalance]
	Database driver: PostgreSQL JDBC Driver
	Database dialect: PostgreSQLDialect
	Database version: 16.11
	Default catalog/schema: cloudbalance/public
	Autocommit mode: undefined/unknown
	Isolation level: READ_COMMITTED [default READ_COMMITTED]
	JDBC fetch size: none
	Pool: DatasourceConnectionProviderImpl
	Minimum pool size: undefined/unknown
	Maximum pool size: undefined/unknown
2025-12-18 13:31:43 [main] INFO  o.h.e.t.j.p.i.JtaPlatformInitiator - HHH000489: No JTA platform available (set 'hibernate.transaction.jta.platform' to enable JTA platform integration)
2025-12-18 13:31:43 [main] DEBUG org.hibernate.SQL - 
    set client_min_messages = WARNING
2025-12-18 13:31:43 [main] DEBUG org.hibernate.SQL - 
    alter table if exists user_role 
       drop constraint if exists FKj345gk1bovqvfame88rcx7yyx
2025-12-18 13:31:43 [main] DEBUG org.hibernate.SQL - 
    drop table if exists roles cascade
2025-12-18 13:31:43 [main] DEBUG org.hibernate.SQL - 
    drop table if exists user_role cascade
2025-12-18 13:31:43 [main] DEBUG org.hibernate.SQL - 
    drop table if exists users cascade
2025-12-18 13:31:43 [main] DEBUG org.hibernate.SQL - 
    create table roles (
        id integer generated by default as identity,
        description varchar(255),
        name bytea not null unique,
        primary key (id)
    )
2025-12-18 13:31:43 [main] DEBUG org.hibernate.SQL - 
    create table user_role (
        user_id bigint not null,
        role varchar(255) check ((role in ('ADMIN','READ_ONLY','CUSTOMER')))
    )
2025-12-18 13:31:43 [main] DEBUG org.hibernate.SQL - 
    create table users (
        active boolean not null,
        created_at timestamp(6) not null,
        id bigint generated by default as identity,
        last_login timestamp(6),
        updated_at timestamp(6),
        first_name varchar(25) not null,
        last_name varchar(25),
        email varchar(50) not null unique,
        password varchar(255) not null,
        primary key (id)
    )
2025-12-18 13:31:43 [main] DEBUG org.hibernate.SQL - 
    alter table if exists user_role 
       add constraint FKj345gk1bovqvfame88rcx7yyx 
       foreign key (user_id) 
       references users
2025-12-18 13:31:43 [main] INFO  o.s.o.j.LocalContainerEntityManagerFactoryBean - Initialized JPA EntityManagerFactory for persistence unit 'default'
2025-12-18 13:31:43 [main] INFO  o.s.d.j.r.q.QueryEnhancerFactories - Hibernate is in classpath; If applicable, HQL parser will be used.
2025-12-18 13:31:44 [main] INFO  o.s.s.c.a.a.c.InitializeAuthenticationProviderBeanManagerConfigurer$InitializeAuthenticationProviderManagerConfigurer - Global AuthenticationManager configured with AuthenticationProvider bean with name authenticationProvider
2025-12-18 13:31:44 [main] WARN  o.s.s.c.a.a.c.InitializeUserDetailsBeanManagerConfigurer$InitializeUserDetailsManagerConfigurer - Global AuthenticationManager configured with an AuthenticationProvider bean. UserDetailsService beans will not be used by Spring Security for automatically configuring username/password login. Consider removing the AuthenticationProvider bean. Alternatively, consider using the UserDetailsService in a manually instantiated DaoAuthenticationProvider. If the current configuration is intentional, to turn off this warning, increase the logging level of 'org.springframework.security.config.annotation.authentication.configuration.InitializeUserDetailsBeanManagerConfigurer' to ERROR
2025-12-18 13:31:44 [main] WARN  o.s.b.j.a.JpaBaseConfiguration$JpaWebConfiguration - spring.jpa.open-in-view is enabled by default. Therefore, database queries may be performed during view rendering. Explicitly configure spring.jpa.open-in-view to disable this warning
2025-12-18 13:31:44 [main] DEBUG o.s.s.web.DefaultSecurityFilterChain - Will secure any request with filters: DisableEncodeUrlFilter, WebAsyncManagerIntegrationFilter, SecurityContextHolderFilter, HeaderWriterFilter, CorsFilter, LogoutFilter, JwtAuthenticationFilter, RequestCacheAwareFilter, SecurityContextHolderAwareRequestFilter, AnonymousAuthenticationFilter, SessionManagementFilter, ExceptionTranslationFilter, AuthorizationFilter
2025-12-18 13:31:44 [main] DEBUG o.s.w.s.m.m.a.RequestMappingHandlerMapping - 12 mappings in 'requestMappingHandlerMapping'
2025-12-18 13:31:44 [main] DEBUG o.s.w.s.h.SimpleUrlHandlerMapping - Patterns [/webjars/**, /**, /swagger-ui*/*swagger-initializer.js, /swagger-ui*/**] in 'resourceHandlerMapping'
2025-12-18 13:31:44 [main] DEBUG o.s.w.s.m.m.a.RequestMappingHandlerAdapter - ControllerAdvice beans: 0 @ModelAttribute, 0 @InitBinder, 1 RequestBodyAdvice, 1 ResponseBodyAdvice
2025-12-18 13:31:44 [main] DEBUG o.s.w.s.m.m.a.ExceptionHandlerExceptionResolver - ControllerAdvice beans: 2 @ExceptionHandler, 1 ResponseBodyAdvice
2025-12-18 13:31:44 [main] INFO  o.s.boot.tomcat.TomcatWebServer - Tomcat started on port 8080 (http) with context path '/api'
2025-12-18 13:31:44 [main] INFO  c.c.c.CloudbalanceBackendApplication - Started CloudbalanceBackendApplication in 3.046 seconds (process running for 3.288)
2025-12-18 13:31:44 [main] DEBUG org.hibernate.SQL - 
    select
        count(*) 
    from
        users u1_0
2025-12-18 13:31:44 [main] INFO  c.c.c.config.DataInitializer - Initializing default users...
2025-12-18 13:31:44 [main] DEBUG org.hibernate.SQL - 
    insert 
    into
        users
        (active, created_at, email, first_name, last_login, last_name, password, updated_at) 
    values
        (?, ?, ?, ?, ?, ?, ?, ?)
2025-12-18 13:31:44 [main] DEBUG org.hibernate.SQL - 
    insert 
    into
        user_role
        (user_id, role) 
    values
        (?, ?)
2025-12-18 13:31:44 [main] INFO  c.c.c.config.DataInitializer - Default admin user created : deepak@gmail.com / SecurePassword@123
2025-12-18 13:31:49 [http-nio-8080-exec-1] INFO  o.a.c.c.C.[.[localhost].[/api] - Initializing Spring DispatcherServlet 'dispatcherServlet'
2025-12-18 13:31:49 [http-nio-8080-exec-1] INFO  o.s.web.servlet.DispatcherServlet - Initializing Servlet 'dispatcherServlet'
2025-12-18 13:31:49 [http-nio-8080-exec-1] DEBUG o.s.web.servlet.DispatcherServlet - Detected StandardServletMultipartResolver
2025-12-18 13:31:49 [http-nio-8080-exec-1] DEBUG o.s.web.servlet.DispatcherServlet - Detected AcceptHeaderLocaleResolver
2025-12-18 13:31:49 [http-nio-8080-exec-1] DEBUG o.s.web.servlet.DispatcherServlet - Detected org.springframework.web.servlet.view.DefaultRequestToViewNameTranslator@7fcbb24b
2025-12-18 13:31:49 [http-nio-8080-exec-1] DEBUG o.s.web.servlet.DispatcherServlet - Detected org.springframework.web.servlet.support.SessionFlashMapManager@5408854f
2025-12-18 13:31:49 [http-nio-8080-exec-1] DEBUG o.s.web.servlet.DispatcherServlet - enableLoggingRequestDetails='false': request parameters and headers will be masked to prevent unsafe logging of potentially sensitive data
2025-12-18 13:31:49 [http-nio-8080-exec-1] INFO  o.s.web.servlet.DispatcherServlet - Completed initialization in 2 ms
2025-12-18 13:31:49 [http-nio-8080-exec-1] DEBUG o.s.security.web.FilterChainProxy - Securing POST /auth/login
2025-12-18 13:31:49 [http-nio-8080-exec-1] DEBUG o.s.s.w.a.AnonymousAuthenticationFilter - Set SecurityContextHolder to anonymous SecurityContext
2025-12-18 13:31:49 [http-nio-8080-exec-1] DEBUG o.s.security.web.FilterChainProxy - Secured POST /auth/login
2025-12-18 13:31:49 [http-nio-8080-exec-1] DEBUG o.s.web.servlet.DispatcherServlet - POST "/api/auth/login", parameters={}
2025-12-18 13:31:49 [http-nio-8080-exec-1] DEBUG o.s.w.s.m.m.a.RequestMappingHandlerMapping - Mapped to com.cloudkeeper.cloudbalance_backend.controller.AuthController#login(LoginRequest)
2025-12-18 13:31:49 [http-nio-8080-exec-1] DEBUG o.s.w.s.m.m.a.RequestResponseBodyMethodProcessor - Read "application/json;charset=UTF-8" to [LoginRequest(email=deepak@gmail.com, password=SecurePassword@123)]
[2025-12-18 13:31:49.450] [http-nio-8080-exec-1] [INFO] [HttpLoggingAspect] - ============= HTTP REQUEST ===============
[2025-12-18 13:31:49.456] [http-nio-8080-exec-1] [INFO] [HttpLoggingAspect] - URL: POST /api/auth/login
[2025-12-18 13:31:49.463] [http-nio-8080-exec-1] [INFO] [HttpLoggingAspect] - Client IP: 127.0.0.1
[2025-12-18 13:31:49.468] [http-nio-8080-exec-1] [INFO] [HttpLoggingAspect] - User-Agent: Mozilla/5.0 (X11; Ubuntu; Linux x86_64; rv:146.0) Gecko/20100101 Firefox/146.0
[2025-12-18 13:31:49.477] [http-nio-8080-exec-1] [INFO] [AuthController] - >>> Starting AuthController.login() with args : [LoginRequest(email=deepak@gmail.com, password=SecurePassword@123)]
[2025-12-18 13:31:49.485] [http-nio-8080-exec-1] [INFO] [AuthService] - >>> Starting AuthService.login()
2025-12-18 13:31:49 [http-nio-8080-exec-1] DEBUG org.hibernate.SQL - 
    select
        u1_0.id,
        u1_0.active,
        u1_0.created_at,
        u1_0.email,
        u1_0.first_name,
        u1_0.last_login,
        u1_0.last_name,
        u1_0.password,
        u1_0.updated_at 
    from
        users u1_0 
    where
        u1_0.email=?
2025-12-18 13:31:49 [http-nio-8080-exec-1] DEBUG org.hibernate.SQL - 
    select
        r1_0.user_id,
        r1_0.role 
    from
        user_role r1_0 
    where
        r1_0.user_id=?
2025-12-18 13:31:49 [http-nio-8080-exec-1] DEBUG o.s.s.a.d.DaoAuthenticationProvider - Authenticated user
[2025-12-18 13:31:49.648] [http-nio-8080-exec-1] [INFO] [AuthService] - Authentication successful for: deepak@gmail.com
2025-12-18 13:31:49 [http-nio-8080-exec-1] DEBUG org.hibernate.SQL - 
    select
        u1_0.id,
        u1_0.active,
        u1_0.created_at,
        u1_0.email,
        u1_0.first_name,
        u1_0.last_login,
        u1_0.last_name,
        u1_0.password,
        u1_0.updated_at 
    from
        users u1_0 
    where
        u1_0.email=?
[2025-12-18 13:31:49.676] [http-nio-8080-exec-1] [INFO] [JwtService] - Secret Key from application : 404E635266556A586E3272357538782F413F4428472B4B6250645367566B5970337336763979244226452948404D6351
2025-12-18 13:31:49 [http-nio-8080-exec-1] DEBUG org.hibernate.SQL - 
    select
        u1_0.id,
        u1_0.active,
        u1_0.created_at,
        u1_0.email,
        u1_0.first_name,
        u1_0.last_login,
        u1_0.last_name,
        u1_0.password,
        u1_0.updated_at 
    from
        users u1_0 
    where
        u1_0.email=?
[2025-12-18 13:31:49.712] [http-nio-8080-exec-1] [INFO] [AuthService] - User logged in successfully : deepak@gmail.com
[2025-12-18 13:31:49.719] [http-nio-8080-exec-1] [INFO] [AuthService] - <<< Completed AuthService.login() in 228 ms
[2025-12-18 13:31:49.726] [http-nio-8080-exec-1] [INFO] [AuthService] - Result : AuthResponse(token=eyJhbGciOiJIUzI1NiJ9.eyJzdWIiOiJkZWVwYWtAZ21haWwuY29tIiwiaWF0IjoxNzY2MDQ0OTA5LCJleHAiOjE3NjYxMzEzMDl9.kS_kz7yzH7SoQX6Nr2mDQxElbChQ7G9vAaEL0ZBPnOQ, type=Bearer, name=Deepak Kumar Verma, email=deepak@gmail.com, role=Admin)
2025-12-18 13:31:49 [http-nio-8080-exec-1] DEBUG org.hibernate.SQL - 
    update
        users 
    set
        active=?,
        email=?,
        first_name=?,
        last_login=?,
        last_name=?,
        password=?,
        updated_at=? 
    where
        id=?
[2025-12-18 13:31:49.741] [http-nio-8080-exec-1] [INFO] [AuthController] - <<< Completed AuthController.login() in 257 ms
[2025-12-18 13:31:49.749] [http-nio-8080-exec-1] [INFO] [AuthController] - Result : <200 OK OK,ApiResponse(success=true, message=Login successful, data=AuthResponse(token=eyJhbGciOiJIUzI1NiJ9.eyJzdWIiOiJkZWVwYWtAZ21haWwuY29tIiwiaWF0IjoxNzY2MDQ0OTA5LCJleHAiOjE3NjYxMzEzMDl9.kS_kz7yzH7SoQX6Nr2mDQxElbChQ7G9vAaEL0ZBPnOQ, type=Bearer, name=Deepak Kumar Verma, email=deepak@gmail.com, role=Admin), error=null),[]>
[2025-12-18 13:31:49.755] [http-nio-8080-exec-1] [INFO] [HttpLoggingAspect] - Response Time : 281 ms
[2025-12-18 13:31:49.761] [http-nio-8080-exec-1] [INFO] [HttpLoggingAspect] - ==================== Request Completed ===================
2025-12-18 13:31:49 [http-nio-8080-exec-1] DEBUG o.s.w.s.m.m.a.HttpEntityMethodProcessor - Using 'application/json', given [*/*] and supported [application/json, application/*+json, application/yaml]
2025-12-18 13:31:49 [http-nio-8080-exec-1] DEBUG o.s.w.s.m.m.a.HttpEntityMethodProcessor - Writing [ApiResponse(success=true, message=Login successful, data=AuthResponse(token=eyJhbGciOiJIUzI1NiJ9.eyJ (truncated)...]
2025-12-18 13:31:49 [http-nio-8080-exec-1] DEBUG o.s.web.servlet.DispatcherServlet - Completed 200 OK
2025-12-18 13:35:28 [SpringApplicationShutdownHook] INFO  o.s.boot.tomcat.GracefulShutdown - Commencing graceful shutdown. Waiting for active requests to complete
2025-12-18 13:35:28 [tomcat-shutdown] INFO  o.s.boot.tomcat.GracefulShutdown - Graceful shutdown complete
2025-12-18 13:35:28 [SpringApplicationShutdownHook] INFO  o.s.o.j.LocalContainerEntityManagerFactoryBean - Closing JPA EntityManagerFactory for persistence unit 'default'
2025-12-18 13:35:28 [SpringApplicationShutdownHook] INFO  com.zaxxer.hikari.HikariDataSource - HikariPool-1 - Shutdown initiated...
2025-12-18 13:35:28 [SpringApplicationShutdownHook] INFO  com.zaxxer.hikari.HikariDataSource - HikariPool-1 - Shutdown completed.
